The system is: Darwin - 22.2.0 - arm64
Compiling the C compiler identification source file "CMakeCCompilerId.c" succeeded.
Compiler:  
Build flags: 
Id flags:  

The output was:
0
Command line invocation:
    /Applications/Xcode.app/Contents/Developer/usr/bin/xcodebuild

User defaults from command line:
    IDEPackageSupportUseBuiltinSCM = YES

Computing target dependency graph and provisioning inputs

Create build description
Build description signature: c3f75f128cbbea0ed61976f951edff30
Build description path: /Users/iiixv/开发/cJSON/CMakeFiles/3.25.2/CompilerIdC/./XCBuildData/c3f75f128cbbea0ed61976f951edff30-desc.xcbuild

warning: Building targets in manual order is deprecated - check "Parallelize build for command-line builds" in the project editor, or set DISABLE_MANUAL_TARGET_ORDER_BUILD_WARNING in any of the targets in the current build to suppress this warning
CreateBuildDirectory /Users/iiixv/开发/cJSON/CMakeFiles/3.25.2/CompilerIdC
    cd /Users/iiixv/开发/cJSON/CMakeFiles/3.25.2/CompilerIdC/CompilerIdC.xcodeproj
    builtin-create-build-directory /Users/iiixv/开发/cJSON/CMakeFiles/3.25.2/CompilerIdC

CreateBuildDirectory /Users/iiixv/开发/cJSON/CMakeFiles/3.25.2/CompilerIdC/EagerLinkingTBDs
    cd /Users/iiixv/开发/cJSON/CMakeFiles/3.25.2/CompilerIdC/CompilerIdC.xcodeproj
    builtin-create-build-directory /Users/iiixv/开发/cJSON/CMakeFiles/3.25.2/CompilerIdC/EagerLinkingTBDs

warning: Traditional headermap style is no longer supported; please migrate to using separate headermaps and set 'ALWAYS_SEARCH_USER_PATHS' to NO. (in target 'CompilerIdC' from project 'CompilerIdC')
note: Run script build phase 'Run Script' will be run during every build because the option to run the script phase "Based on dependency analysis" is unchecked. (in target 'CompilerIdC' from project 'CompilerIdC')
WriteAuxiliaryFile /Users/iiixv/开发/cJSON/CMakeFiles/3.25.2/CompilerIdC/CompilerIdC.build/Debug/CompilerIdC.build/DerivedSources/Entitlements.plist (in target 'CompilerIdC' from project 'CompilerIdC')
    cd /Users/iiixv/开发/cJSON/CMakeFiles/3.25.2/CompilerIdC
    write-file /Users/iiixv/开发/cJSON/CMakeFiles/3.25.2/CompilerIdC/CompilerIdC.build/Debug/CompilerIdC.build/DerivedSources/Entitlements.plist

ProcessProductPackaging "" /Users/iiixv/开发/cJSON/CMakeFiles/3.25.2/CompilerIdC/CompilerIdC.build/Debug/CompilerIdC.build/CompilerIdC.xcent (in target 'CompilerIdC' from project 'CompilerIdC')
    cd /Users/iiixv/开发/cJSON/CMakeFiles/3.25.2/CompilerIdC
    
    Entitlements:
    
    {
    "com.apple.application-identifier" = "";
    "com.apple.security.get-task-allow" = 1;
}
    
    builtin-productPackagingUtility -entitlements -format xml -o /Users/iiixv/开发/cJSON/CMakeFiles/3.25.2/CompilerIdC/CompilerIdC.build/Debug/CompilerIdC.build/CompilerIdC.xcent

ProcessProductPackagingDER /Users/iiixv/开发/cJSON/CMakeFiles/3.25.2/CompilerIdC/CompilerIdC.build/Debug/CompilerIdC.build/CompilerIdC.xcent /Users/iiixv/开发/cJSON/CMakeFiles/3.25.2/CompilerIdC/CompilerIdC.build/Debug/CompilerIdC.build/CompilerIdC.xcent.der (in target 'CompilerIdC' from project 'CompilerIdC')
    cd /Users/iiixv/开发/cJSON/CMakeFiles/3.25.2/CompilerIdC
    /usr/bin/derq query -f xml -i /Users/iiixv/开发/cJSON/CMakeFiles/3.25.2/CompilerIdC/CompilerIdC.build/Debug/CompilerIdC.build/CompilerIdC.xcent -o /Users/iiixv/开发/cJSON/CMakeFiles/3.25.2/CompilerIdC/CompilerIdC.build/Debug/CompilerIdC.build/CompilerIdC.xcent.der --raw

WriteAuxiliaryFile /Users/iiixv/开发/cJSON/CMakeFiles/3.25.2/CompilerIdC/CompilerIdC.build/Debug/CompilerIdC.build/all-product-headers.yaml (in target 'CompilerIdC' from project 'CompilerIdC')
    cd /Users/iiixv/开发/cJSON/CMakeFiles/3.25.2/CompilerIdC
    write-file /Users/iiixv/开发/cJSON/CMakeFiles/3.25.2/CompilerIdC/CompilerIdC.build/Debug/CompilerIdC.build/all-product-headers.yaml

WriteAuxiliaryFile /Users/iiixv/开发/cJSON/CMakeFiles/3.25.2/CompilerIdC/CompilerIdC.build/Debug/CompilerIdC.build/CompilerIdC.hmap (in target 'CompilerIdC' from project 'CompilerIdC')
    cd /Users/iiixv/开发/cJSON/CMakeFiles/3.25.2/CompilerIdC
    write-file /Users/iiixv/开发/cJSON/CMakeFiles/3.25.2/CompilerIdC/CompilerIdC.build/Debug/CompilerIdC.build/CompilerIdC.hmap

WriteAuxiliaryFile /Users/iiixv/开发/cJSON/CMakeFiles/3.25.2/CompilerIdC/CompilerIdC.build/Debug/CompilerIdC.build/CompilerIdC-project-headers.hmap (in target 'CompilerIdC' from project 'CompilerIdC')
    cd /Users/iiixv/开发/cJSON/CMakeFiles/3.25.2/CompilerIdC
    write-file /Users/iiixv/开发/cJSON/CMakeFiles/3.25.2/CompilerIdC/CompilerIdC.build/Debug/CompilerIdC.build/CompilerIdC-project-headers.hmap

WriteAuxiliaryFile /Users/iiixv/开发/cJSON/CMakeFiles/3.25.2/CompilerIdC/CompilerIdC.build/Debug/CompilerIdC.build/CompilerIdC-own-target-headers.hmap (in target 'CompilerIdC' from project 'CompilerIdC')
    cd /Users/iiixv/开发/cJSON/CMakeFiles/3.25.2/CompilerIdC
    write-file /Users/iiixv/开发/cJSON/CMakeFiles/3.25.2/CompilerIdC/CompilerIdC.build/Debug/CompilerIdC.build/CompilerIdC-own-target-headers.hmap

WriteAuxiliaryFile /Users/iiixv/开发/cJSON/CMakeFiles/3.25.2/CompilerIdC/CompilerIdC.build/Debug/CompilerIdC.build/CompilerIdC-generated-files.hmap (in target 'CompilerIdC' from project 'CompilerIdC')
    cd /Users/iiixv/开发/cJSON/CMakeFiles/3.25.2/CompilerIdC
    write-file /Users/iiixv/开发/cJSON/CMakeFiles/3.25.2/CompilerIdC/CompilerIdC.build/Debug/CompilerIdC.build/CompilerIdC-generated-files.hmap

WriteAuxiliaryFile /Users/iiixv/开发/cJSON/CMakeFiles/3.25.2/CompilerIdC/CompilerIdC.build/Debug/CompilerIdC.build/CompilerIdC-all-target-headers.hmap (in target 'CompilerIdC' from project 'CompilerIdC')
    cd /Users/iiixv/开发/cJSON/CMakeFiles/3.25.2/CompilerIdC
    write-file /Users/iiixv/开发/cJSON/CMakeFiles/3.25.2/CompilerIdC/CompilerIdC.build/Debug/CompilerIdC.build/CompilerIdC-all-target-headers.hmap

WriteAuxiliaryFile /Users/iiixv/开发/cJSON/CMakeFiles/3.25.2/CompilerIdC/CompilerIdC.build/Debug/CompilerIdC.build/CompilerIdC-all-non-framework-target-headers.hmap (in target 'CompilerIdC' from project 'CompilerIdC')
    cd /Users/iiixv/开发/cJSON/CMakeFiles/3.25.2/CompilerIdC
    write-file /Users/iiixv/开发/cJSON/CMakeFiles/3.25.2/CompilerIdC/CompilerIdC.build/Debug/CompilerIdC.build/CompilerIdC-all-non-framework-target-headers.hmap

WriteAuxiliaryFile /Users/iiixv/开发/cJSON/CMakeFiles/3.25.2/CompilerIdC/CompilerIdC.build/Debug/CompilerIdC.build/Objects-normal/arm64/CompilerIdC.LinkFileList (in target 'CompilerIdC' from project 'CompilerIdC')
    cd /Users/iiixv/开发/cJSON/CMakeFiles/3.25.2/CompilerIdC
    write-file /Users/iiixv/开发/cJSON/CMakeFiles/3.25.2/CompilerIdC/CompilerIdC.build/Debug/CompilerIdC.build/Objects-normal/arm64/CompilerIdC.LinkFileList

CompileC /Users/iiixv/开发/cJSON/CMakeFiles/3.25.2/CompilerIdC/CompilerIdC.build/Debug/CompilerIdC.build/Objects-normal/arm64/CMakeCCompilerId.o /Users/iiixv/开发/cJSON/CMakeFiles/3.25.2/CompilerIdC/CMakeCCompilerId.c normal arm64 c com.apple.compilers.llvm.clang.1_0.compiler (in target 'CompilerIdC' from project 'CompilerIdC')
    cd /Users/iiixv/开发/cJSON/CMakeFiles/3.25.2/CompilerIdC
    /Applications/Xcode.app/Contents/Developer/Toolchains/XcodeDefault.xctoolchain/usr/bin/clang -x c -target arm64-apple-macos13.1 -fmessage-length\=0 -fdiagnostics-show-note-include-stack -fmacro-backtrace-limit\=0 -Wno-trigraphs -fpascal-strings -Os -Wno-missing-field-initializers -Wno-missing-prototypes -Wno-return-type -Wno-missing-braces -Wparentheses -Wswitch -Wno-unused-function -Wno-unused-label -Wno-unused-parameter -Wno-unused-variable -Wunused-value -Wno-empty-body -Wno-uninitialized -Wno-unknown-pragmas -Wno-shadow -Wno-four-char-constants -Wno-conversion -Wno-constant-conversion -Wno-int-conversion -Wno-bool-conversion -Wno-enum-conversion -Wno-float-conversion -Wno-non-literal-null-conversion -Wno-objc-literal-conversion -Wshorten-64-to-32 -Wpointer-sign -Wno-newline-eof -Wno-implicit-fallthrough -isysroot /Applications/Xcode.app/Contents/Developer/Platforms/MacOSX.platform/Developer/SDKs/MacOSX13.1.sdk -fstrict-aliasing -Wdeprecated-declarations -g -fvisibility\=hidden -Wno-sign-conversion -Wno-infinite-recursion -Wno-comma -Wno-block-capture-autoreleasing -Wno-strict-prototypes -Wno-semicolon-before-method-body -iquote /Users/iiixv/开发/cJSON/CMakeFiles/3.25.2/CompilerIdC/CompilerIdC.build/Debug/CompilerIdC.build/CompilerIdC-generated-files.hmap -I/Users/iiixv/开发/cJSON/CMakeFiles/3.25.2/CompilerIdC/CompilerIdC.build/Debug/CompilerIdC.build/CompilerIdC-own-target-headers.hmap -I/Users/iiixv/开发/cJSON/CMakeFiles/3.25.2/CompilerIdC/CompilerIdC.build/Debug/CompilerIdC.build/CompilerIdC-all-target-headers.hmap -iquote /Users/iiixv/开发/cJSON/CMakeFiles/3.25.2/CompilerIdC/CompilerIdC.build/Debug/CompilerIdC.build/CompilerIdC-project-headers.hmap -I/Users/iiixv/开发/cJSON/CMakeFiles/3.25.2/CompilerIdC/include -I/Users/iiixv/开发/cJSON/CMakeFiles/3.25.2/CompilerIdC/CompilerIdC.build/Debug/CompilerIdC.build/DerivedSources-normal/arm64 -I/Users/iiixv/开发/cJSON/CMakeFiles/3.25.2/CompilerIdC/CompilerIdC.build/Debug/CompilerIdC.build/DerivedSources/arm64 -I/Users/iiixv/开发/cJSON/CMakeFiles/3.25.2/CompilerIdC/CompilerIdC.build/Debug/CompilerIdC.build/DerivedSources -F/Users/iiixv/开发/cJSON/CMakeFiles/3.25.2/CompilerIdC -MMD -MT dependencies -MF /Users/iiixv/开发/cJSON/CMakeFiles/3.25.2/CompilerIdC/CompilerIdC.build/Debug/CompilerIdC.build/Objects-normal/arm64/CMakeCCompilerId.d --serialize-diagnostics /Users/iiixv/开发/cJSON/CMakeFiles/3.25.2/CompilerIdC/CompilerIdC.build/Debug/CompilerIdC.build/Objects-normal/arm64/CMakeCCompilerId.dia -c /Users/iiixv/开发/cJSON/CMakeFiles/3.25.2/CompilerIdC/CMakeCCompilerId.c -o /Users/iiixv/开发/cJSON/CMakeFiles/3.25.2/CompilerIdC/CompilerIdC.build/Debug/CompilerIdC.build/Objects-normal/arm64/CMakeCCompilerId.o

Ld /Users/iiixv/开发/cJSON/CMakeFiles/3.25.2/CompilerIdC/CompilerIdC normal (in target 'CompilerIdC' from project 'CompilerIdC')
    cd /Users/iiixv/开发/cJSON/CMakeFiles/3.25.2/CompilerIdC
    /Applications/Xcode.app/Contents/Developer/Toolchains/XcodeDefault.xctoolchain/usr/bin/clang -target arm64-apple-macos13.1 -isysroot /Applications/Xcode.app/Contents/Developer/Platforms/MacOSX.platform/Developer/SDKs/MacOSX13.1.sdk -L/Users/iiixv/开发/cJSON/CMakeFiles/3.25.2/CompilerIdC/EagerLinkingTBDs -L/Users/iiixv/开发/cJSON/CMakeFiles/3.25.2/CompilerIdC -F/Users/iiixv/开发/cJSON/CMakeFiles/3.25.2/CompilerIdC/EagerLinkingTBDs -F/Users/iiixv/开发/cJSON/CMakeFiles/3.25.2/CompilerIdC -filelist /Users/iiixv/开发/cJSON/CMakeFiles/3.25.2/CompilerIdC/CompilerIdC.build/Debug/CompilerIdC.build/Objects-normal/arm64/CompilerIdC.LinkFileList -Xlinker -object_path_lto -Xlinker /Users/iiixv/开发/cJSON/CMakeFiles/3.25.2/CompilerIdC/CompilerIdC.build/Debug/CompilerIdC.build/Objects-normal/arm64/CompilerIdC_lto.o -Xlinker -no_adhoc_codesign -Xlinker -dependency_info -Xlinker /Users/iiixv/开发/cJSON/CMakeFiles/3.25.2/CompilerIdC/CompilerIdC.build/Debug/CompilerIdC.build/Objects-normal/arm64/CompilerIdC_dependency_info.dat -o /Users/iiixv/开发/cJSON/CMakeFiles/3.25.2/CompilerIdC/CompilerIdC

WriteAuxiliaryFile /Users/iiixv/开发/cJSON/CMakeFiles/3.25.2/CompilerIdC/CompilerIdC.build/Debug/CompilerIdC.build/Script-2C8FEB8E15DC1A1A00E56A5D.sh (in target 'CompilerIdC' from project 'CompilerIdC')
    cd /Users/iiixv/开发/cJSON/CMakeFiles/3.25.2/CompilerIdC
    write-file /Users/iiixv/开发/cJSON/CMakeFiles/3.25.2/CompilerIdC/CompilerIdC.build/Debug/CompilerIdC.build/Script-2C8FEB8E15DC1A1A00E56A5D.sh

PhaseScriptExecution Run\ Script /Users/iiixv/开发/cJSON/CMakeFiles/3.25.2/CompilerIdC/CompilerIdC.build/Debug/CompilerIdC.build/Script-2C8FEB8E15DC1A1A00E56A5D.sh (in target 'CompilerIdC' from project 'CompilerIdC')
    cd /Users/iiixv/开发/cJSON/CMakeFiles/3.25.2/CompilerIdC
    /bin/sh -c /Users/iiixv/\\开\\发/cJSON/CMakeFiles/3.25.2/CompilerIdC/CompilerIdC.build/Debug/CompilerIdC.build/Script-2C8FEB8E15DC1A1A00E56A5D.sh
GCC_VERSION=com.apple.compilers.llvm.clang.1_0
ARCHS=arm64

CodeSign /Users/iiixv/开发/cJSON/CMakeFiles/3.25.2/CompilerIdC/CompilerIdC (in target 'CompilerIdC' from project 'CompilerIdC')
    cd /Users/iiixv/开发/cJSON/CMakeFiles/3.25.2/CompilerIdC
    
    Signing Identity:     "-"
    
    /usr/bin/codesign --force --sign - --entitlements /Users/iiixv/开发/cJSON/CMakeFiles/3.25.2/CompilerIdC/CompilerIdC.build/Debug/CompilerIdC.build/CompilerIdC.xcent --timestamp\=none --generate-entitlement-der /Users/iiixv/开发/cJSON/CMakeFiles/3.25.2/CompilerIdC/CompilerIdC

RegisterExecutionPolicyException /Users/iiixv/开发/cJSON/CMakeFiles/3.25.2/CompilerIdC/CompilerIdC (in target 'CompilerIdC' from project 'CompilerIdC')
    cd /Users/iiixv/开发/cJSON/CMakeFiles/3.25.2/CompilerIdC
    builtin-RegisterExecutionPolicyException /Users/iiixv/开发/cJSON/CMakeFiles/3.25.2/CompilerIdC/CompilerIdC

** BUILD SUCCEEDED **



Compilation of the C compiler identification source "CMakeCCompilerId.c" produced "CompilerIdC"

The C compiler identification is AppleClang, found in "/Users/iiixv/开发/cJSON/CMakeFiles/3.25.2/CompilerIdC/CompilerIdC"

Detecting C compiler ABI info compiled with the following output:
Change Dir: /Users/iiixv/开发/cJSON/CMakeFiles/CMakeScratch/TryCompile-Mu5Jxr

Run Build Command(s):/usr/bin/xcodebuild -project CMAKE_TRY_COMPILE.xcodeproj build -target cmTC_d3a87 -parallelizeTargets -configuration Debug -hideShellScriptEnvironment && Command line invocation:
    /Applications/Xcode.app/Contents/Developer/usr/bin/xcodebuild -project CMAKE_TRY_COMPILE.xcodeproj build -target cmTC_d3a87 -parallelizeTargets -configuration Debug -hideShellScriptEnvironment

User defaults from command line:
    HideShellScriptEnvironment = YES
    IDEPackageSupportUseBuiltinSCM = YES

Computing target dependency graph and provisioning inputs

Create build description
Build description signature: 2f13d4f905b70ac4e466e9eec9d87bf1
Build description path: /Users/iiixv/开发/cJSON/CMakeFiles/CMakeScratch/TryCompile-Mu5Jxr/build/XCBuildData/2f13d4f905b70ac4e466e9eec9d87bf1-desc.xcbuild

note: Building targets in dependency order
CreateBuildDirectory /Users/iiixv/开发/cJSON/CMakeFiles/CMakeScratch/TryCompile-Mu5Jxr/build
    cd /Users/iiixv/开发/cJSON/CMakeFiles/CMakeScratch/TryCompile-Mu5Jxr/CMAKE_TRY_COMPILE.xcodeproj
    builtin-create-build-directory /Users/iiixv/开发/cJSON/CMakeFiles/CMakeScratch/TryCompile-Mu5Jxr/build

CreateBuildDirectory /Users/iiixv/开发/cJSON/CMakeFiles/CMakeScratch/TryCompile-Mu5Jxr/Debug
    cd /Users/iiixv/开发/cJSON/CMakeFiles/CMakeScratch/TryCompile-Mu5Jxr/CMAKE_TRY_COMPILE.xcodeproj
    builtin-create-build-directory /Users/iiixv/开发/cJSON/CMakeFiles/CMakeScratch/TryCompile-Mu5Jxr/Debug

CreateBuildDirectory /Users/iiixv/开发/cJSON/CMakeFiles/CMakeScratch/TryCompile-Mu5Jxr/build/EagerLinkingTBDs
    cd /Users/iiixv/开发/cJSON/CMakeFiles/CMakeScratch/TryCompile-Mu5Jxr/CMAKE_TRY_COMPILE.xcodeproj
    builtin-create-build-directory /Users/iiixv/开发/cJSON/CMakeFiles/CMakeScratch/TryCompile-Mu5Jxr/build/EagerLinkingTBDs

WriteAuxiliaryFile /Users/iiixv/开发/cJSON/CMakeFiles/CMakeScratch/TryCompile-Mu5Jxr/build/cmTC_d3a87.build/Debug/Objects-normal/arm64/cmTC_d3a87.LinkFileList (in target 'cmTC_d3a87' from project 'CMAKE_TRY_COMPILE')
    cd /Users/iiixv/开发/cJSON/CMakeFiles/CMakeScratch/TryCompile-Mu5Jxr
    write-file /Users/iiixv/开发/cJSON/CMakeFiles/CMakeScratch/TryCompile-Mu5Jxr/build/cmTC_d3a87.build/Debug/Objects-normal/arm64/cmTC_d3a87.LinkFileList

CompileC /Users/iiixv/开发/cJSON/CMakeFiles/CMakeScratch/TryCompile-Mu5Jxr/build/cmTC_d3a87.build/Debug/Objects-normal/arm64/CMakeCCompilerABI.o /opt/homebrew/Cellar/cmake/3.25.2/share/cmake/Modules/CMakeCCompilerABI.c normal arm64 c com.apple.compilers.llvm.clang.1_0.compiler (in target 'cmTC_d3a87' from project 'CMAKE_TRY_COMPILE')
    cd /Users/iiixv/开发/cJSON/CMakeFiles/CMakeScratch/TryCompile-Mu5Jxr
    /Applications/Xcode.app/Contents/Developer/Toolchains/XcodeDefault.xctoolchain/usr/bin/clang -x c -target arm64-apple-macos13.1 -fmessage-length\=0 -fdiagnostics-show-note-include-stack -fmacro-backtrace-limit\=0 -Wno-trigraphs -fpascal-strings -O0 -Wno-missing-field-initializers -Wno-missing-prototypes -Wno-return-type -Wno-missing-braces -Wparentheses -Wswitch -Wno-unused-function -Wno-unused-label -Wno-unused-parameter -Wno-unused-variable -Wunused-value -Wno-empty-body -Wno-uninitialized -Wno-unknown-pragmas -Wno-shadow -Wno-four-char-constants -Wno-conversion -Wno-constant-conversion -Wno-int-conversion -Wno-bool-conversion -Wno-enum-conversion -Wno-float-conversion -Wno-non-literal-null-conversion -Wno-objc-literal-conversion -Wshorten-64-to-32 -Wpointer-sign -Wno-newline-eof -Wno-implicit-fallthrough -DCMAKE_INTDIR\=\"Debug\" -isysroot /Applications/Xcode.app/Contents/Developer/Platforms/MacOSX.platform/Developer/SDKs/MacOSX13.1.sdk -fstrict-aliasing -Wdeprecated-declarations -g -Wno-sign-conversion -Wno-infinite-recursion -Wno-comma -Wno-block-capture-autoreleasing -Wno-strict-prototypes -Wno-semicolon-before-method-body -I/Users/iiixv/开发/cJSON/CMakeFiles/CMakeScratch/TryCompile-Mu5Jxr/Debug/include -I/Users/iiixv/开发/cJSON/CMakeFiles/CMakeScratch/TryCompile-Mu5Jxr/build/cmTC_d3a87.build/Debug/DerivedSources-normal/arm64 -I/Users/iiixv/开发/cJSON/CMakeFiles/CMakeScratch/TryCompile-Mu5Jxr/build/cmTC_d3a87.build/Debug/DerivedSources/arm64 -I/Users/iiixv/开发/cJSON/CMakeFiles/CMakeScratch/TryCompile-Mu5Jxr/build/cmTC_d3a87.build/Debug/DerivedSources -F/Users/iiixv/开发/cJSON/CMakeFiles/CMakeScratch/TryCompile-Mu5Jxr/Debug -v -Wl,-v -MMD -MT dependencies -MF /Users/iiixv/开发/cJSON/CMakeFiles/CMakeScratch/TryCompile-Mu5Jxr/build/cmTC_d3a87.build/Debug/Objects-normal/arm64/CMakeCCompilerABI.d --serialize-diagnostics /Users/iiixv/开发/cJSON/CMakeFiles/CMakeScratch/TryCompile-Mu5Jxr/build/cmTC_d3a87.build/Debug/Objects-normal/arm64/CMakeCCompilerABI.dia -c /opt/homebrew/Cellar/cmake/3.25.2/share/cmake/Modules/CMakeCCompilerABI.c -o /Users/iiixv/开发/cJSON/CMakeFiles/CMakeScratch/TryCompile-Mu5Jxr/build/cmTC_d3a87.build/Debug/Objects-normal/arm64/CMakeCCompilerABI.o
Apple clang version 14.0.0 (clang-1400.0.29.202)
Target: arm64-apple-macos13.1
Thread model: posix
InstalledDir: /Applications/Xcode.app/Contents/Developer/Toolchains/XcodeDefault.xctoolchain/usr/bin
clang: warning: -Wl,-v: 'linker' input unused [-Wunused-command-line-argument]
 "/Applications/Xcode.app/Contents/Developer/Toolchains/XcodeDefault.xctoolchain/usr/bin/clang" -cc1 -triple arm64-apple-macosx13.1.0 -Wundef-prefix=TARGET_OS_ -Wdeprecated-objc-isa-usage -Werror=deprecated-objc-isa-usage -Werror=implicit-function-declaration -emit-obj -mrelax-all --mrelax-relocations -disable-free -clear-ast-before-backend -disable-llvm-verifier -discard-value-names -main-file-name CMakeCCompilerABI.c -mrelocation-model pic -pic-level 2 -mframe-pointer=non-leaf -fno-strict-return -fno-rounding-math -funwind-tables=2 -fobjc-msgsend-selector-stubs -target-sdk-version=13.1 -fvisibility-inlines-hidden-static-local-var -target-cpu apple-m1 -target-feature +v8.5a -target-feature +fp-armv8 -target-feature +neon -target-feature +crc -target-feature +crypto -target-feature +dotprod -target-feature +fp16fml -target-feature +ras -target-feature +lse -target-feature +rdm -target-feature +rcpc -target-feature +zcm -target-feature +zcz -target-feature +fullfp16 -target-feature +sm4 -target-feature +sha3 -target-feature +sha2 -target-feature +aes -target-abi darwinpcs -fallow-half-arguments-and-returns -debug-info-kind=standalone -dwarf-version=4 -debugger-tuning=lldb -target-linker-version 820.1 -v -resource-dir /Applications/Xcode.app/Contents/Developer/Toolchains/XcodeDefault.xctoolchain/usr/lib/clang/14.0.0 -dependency-file /Users/iiixv/开发/cJSON/CMakeFiles/CMakeScratch/TryCompile-Mu5Jxr/build/cmTC_d3a87.build/Debug/Objects-normal/arm64/CMakeCCompilerABI.d -skip-unused-modulemap-deps -MT dependencies -isysroot /Applications/Xcode.app/Contents/Developer/Platforms/MacOSX.platform/Developer/SDKs/MacOSX13.1.sdk -D "CMAKE_INTDIR=\"Debug\"" -I /Users/iiixv/开发/cJSON/CMakeFiles/CMakeScratch/TryCompile-Mu5Jxr/Debug/include -I /Users/iiixv/开发/cJSON/CMakeFiles/CMakeScratch/TryCompile-Mu5Jxr/build/cmTC_d3a87.build/Debug/DerivedSources-normal/arm64 -I /Users/iiixv/开发/cJSON/CMakeFiles/CMakeScratch/TryCompile-Mu5Jxr/build/cmTC_d3a87.build/Debug/DerivedSources/arm64 -I /Users/iiixv/开发/cJSON/CMakeFiles/CMakeScratch/TryCompile-Mu5Jxr/build/cmTC_d3a87.build/Debug/DerivedSources -F/Users/iiixv/开发/cJSON/CMakeFiles/CMakeScratch/TryCompile-Mu5Jxr/Debug -internal-isystem /Applications/Xcode.app/Contents/Developer/Platforms/MacOSX.platform/Developer/SDKs/MacOSX13.1.sdk/usr/local/include -internal-isystem /Applications/Xcode.app/Contents/Developer/Toolchains/XcodeDefault.xctoolchain/usr/lib/clang/14.0.0/include -internal-externc-isystem /Applications/Xcode.app/Contents/Developer/Platforms/MacOSX.platform/Developer/SDKs/MacOSX13.1.sdk/usr/include -internal-externc-isystem /Applications/Xcode.app/Contents/Developer/Toolchains/XcodeDefault.xctoolchain/usr/include -O0 -Wno-trigraphs -Wno-missing-field-initializers -Wno-missing-prototypes -Wno-return-type -Wno-missing-braces -Wparentheses -Wswitch -Wno-unused-function -Wno-unused-label -Wno-unused-parameter -Wno-unused-variable -Wunused-value -Wno-empty-body -Wno-uninitialized -Wno-unknown-pragmas -Wno-shadow -Wno-four-char-constants -Wno-conversion -Wno-constant-conversion -Wno-int-conversion -Wno-bool-conversion -Wno-enum-conversion -Wno-float-conversion -Wno-non-literal-null-conversion -Wno-objc-literal-conversion -Wshorten-64-to-32 -Wpointer-sign -Wno-newline-eof -Wno-implicit-fallthrough -Wdeprecated-declarations -Wno-sign-conversion -Wno-infinite-recursion -Wno-comma -Wno-block-capture-autoreleasing -Wno-strict-prototypes -Wno-semicolon-before-method-body -Wno-reorder-init-list -Wno-implicit-int-float-conversion -Wno-c99-designator -Wno-final-dtor-non-final-class -Wno-extra-semi-stmt -Wno-misleading-indentation -Wno-quoted-include-in-framework-header -Wno-implicit-fallthrough -Wno-enum-enum-conversion -Wno-enum-float-conversion -Wno-elaborated-enum-base -Wno-reserved-identifier -Wno-gnu-folding-constant -Wno-cast-function-type -Wno-bitwise-instead-of-logical -fdebug-compilation-dir=/Users/iiixv/开发/cJSON/CMakeFiles/CMakeScratch/TryCompile-Mu5Jxr -ferror-limit 19 -fmacro-backtrace-limit 0 -stack-protector 1 -fstack-check -mdarwin-stkchk-strong-link -fblocks -fencode-extended-block-signature -fregister-global-dtors-with-atexit -fgnuc-version=4.2.1 -fpascal-strings -fmax-type-align=16 -fcommon -fdiagnostics-show-note-include-stack -serialize-diagnostic-file /Users/iiixv/开发/cJSON/CMakeFiles/CMakeScratch/TryCompile-Mu5Jxr/build/cmTC_d3a87.build/Debug/Objects-normal/arm64/CMakeCCompilerABI.dia -clang-vendor-feature=+messageToSelfInClassMethodIdReturnType -clang-vendor-feature=+disableInferNewAvailabilityFromInit -clang-vendor-feature=+disableNonDependentMemberExprInCurrentInstantiation -fno-odr-hash-protocols -clang-vendor-feature=+enableAggressiveVLAFolding -clang-vendor-feature=+revert09abecef7bbf -clang-vendor-feature=+thisNoAlignAttr -clang-vendor-feature=+thisNoNullAttr -mllvm -disable-aligned-alloc-awareness=1 -D__GCC_HAVE_DWARF2_CFI_ASM=1 -o /Users/iiixv/开发/cJSON/CMakeFiles/CMakeScratch/TryCompile-Mu5Jxr/build/cmTC_d3a87.build/Debug/Objects-normal/arm64/CMakeCCompilerABI.o -x c /opt/homebrew/Cellar/cmake/3.25.2/share/cmake/Modules/CMakeCCompilerABI.c
clang -cc1 version 14.0.0 (clang-1400.0.29.202) default target arm64-apple-darwin22.2.0
ignoring nonexistent directory "/Users/iiixv/开发/cJSON/CMakeFiles/CMakeScratch/TryCompile-Mu5Jxr/Debug/include"
ignoring nonexistent directory "/Users/iiixv/开发/cJSON/CMakeFiles/CMakeScratch/TryCompile-Mu5Jxr/build/cmTC_d3a87.build/Debug/DerivedSources-normal/arm64"
ignoring nonexistent directory "/Users/iiixv/开发/cJSON/CMakeFiles/CMakeScratch/TryCompile-Mu5Jxr/build/cmTC_d3a87.build/Debug/DerivedSources/arm64"
ignoring nonexistent directory "/Users/iiixv/开发/cJSON/CMakeFiles/CMakeScratch/TryCompile-Mu5Jxr/build/cmTC_d3a87.build/Debug/DerivedSources"
ignoring nonexistent directory "/Applications/Xcode.app/Contents/Developer/Platforms/MacOSX.platform/Developer/SDKs/MacOSX13.1.sdk/usr/local/include"
ignoring nonexistent directory "/Applications/Xcode.app/Contents/Developer/Platforms/MacOSX.platform/Developer/SDKs/MacOSX13.1.sdk/Library/Frameworks"
#include "..." search starts here:
#include <...> search starts here:
 /Users/iiixv/开发/cJSON/CMakeFiles/CMakeScratch/TryCompile-Mu5Jxr/Debug (framework directory)
 /Applications/Xcode.app/Contents/Developer/Toolchains/XcodeDefault.xctoolchain/usr/lib/clang/14.0.0/include
 /Applications/Xcode.app/Contents/Developer/Platforms/MacOSX.platform/Developer/SDKs/MacOSX13.1.sdk/usr/include
 /Applications/Xcode.app/Contents/Developer/Toolchains/XcodeDefault.xctoolchain/usr/include
 /Applications/Xcode.app/Contents/Developer/Platforms/MacOSX.platform/Developer/SDKs/MacOSX13.1.sdk/System/Library/Frameworks (framework directory)
End of search list.

Ld /Users/iiixv/开发/cJSON/CMakeFiles/CMakeScratch/TryCompile-Mu5Jxr/Debug/cmTC_d3a87 normal (in target 'cmTC_d3a87' from project 'CMAKE_TRY_COMPILE')
    cd /Users/iiixv/开发/cJSON/CMakeFiles/CMakeScratch/TryCompile-Mu5Jxr
    /Applications/Xcode.app/Contents/Developer/Toolchains/XcodeDefault.xctoolchain/usr/bin/clang -target arm64-apple-macos13.1 -isysroot /Applications/Xcode.app/Contents/Developer/Platforms/MacOSX.platform/Developer/SDKs/MacOSX13.1.sdk -L/Users/iiixv/开发/cJSON/CMakeFiles/CMakeScratch/TryCompile-Mu5Jxr/build/EagerLinkingTBDs -L/Users/iiixv/开发/cJSON/CMakeFiles/CMakeScratch/TryCompile-Mu5Jxr/Debug -F/Users/iiixv/开发/cJSON/CMakeFiles/CMakeScratch/TryCompile-Mu5Jxr/build/EagerLinkingTBDs -F/Users/iiixv/开发/cJSON/CMakeFiles/CMakeScratch/TryCompile-Mu5Jxr/Debug -filelist /Users/iiixv/开发/cJSON/CMakeFiles/CMakeScratch/TryCompile-Mu5Jxr/build/cmTC_d3a87.build/Debug/Objects-normal/arm64/cmTC_d3a87.LinkFileList -Xlinker -object_path_lto -Xlinker /Users/iiixv/开发/cJSON/CMakeFiles/CMakeScratch/TryCompile-Mu5Jxr/build/cmTC_d3a87.build/Debug/Objects-normal/arm64/cmTC_d3a87_lto.o -Xlinker -no_deduplicate -v -Wl,-v -Wl,-search_paths_first -Wl,-headerpad_max_install_names -Xlinker -dependency_info -Xlinker /Users/iiixv/开发/cJSON/CMakeFiles/CMakeScratch/TryCompile-Mu5Jxr/build/cmTC_d3a87.build/Debug/Objects-normal/arm64/cmTC_d3a87_dependency_info.dat -o /Users/iiixv/开发/cJSON/CMakeFiles/CMakeScratch/TryCompile-Mu5Jxr/Debug/cmTC_d3a87
Apple clang version 14.0.0 (clang-1400.0.29.202)
Target: arm64-apple-macos13.1
Thread model: posix
InstalledDir: /Applications/Xcode.app/Contents/Developer/Toolchains/XcodeDefault.xctoolchain/usr/bin
 "/Applications/Xcode.app/Contents/Developer/Toolchains/XcodeDefault.xctoolchain/usr/bin/ld" -demangle -lto_library /Applications/Xcode.app/Contents/Developer/Toolchains/XcodeDefault.xctoolchain/usr/lib/libLTO.dylib -dynamic -arch arm64 -platform_version macos 13.1.0 13.1 -syslibroot /Applications/Xcode.app/Contents/Developer/Platforms/MacOSX.platform/Developer/SDKs/MacOSX13.1.sdk -o /Users/iiixv/开发/cJSON/CMakeFiles/CMakeScratch/TryCompile-Mu5Jxr/Debug/cmTC_d3a87 -L/Users/iiixv/开发/cJSON/CMakeFiles/CMakeScratch/TryCompile-Mu5Jxr/build/EagerLinkingTBDs -L/Users/iiixv/开发/cJSON/CMakeFiles/CMakeScratch/TryCompile-Mu5Jxr/Debug -filelist /Users/iiixv/开发/cJSON/CMakeFiles/CMakeScratch/TryCompile-Mu5Jxr/build/cmTC_d3a87.build/Debug/Objects-normal/arm64/cmTC_d3a87.LinkFileList -object_path_lto /Users/iiixv/开发/cJSON/CMakeFiles/CMakeScratch/TryCompile-Mu5Jxr/build/cmTC_d3a87.build/Debug/Objects-normal/arm64/cmTC_d3a87_lto.o -no_deduplicate -v -search_paths_first -headerpad_max_install_names -dependency_info /Users/iiixv/开发/cJSON/CMakeFiles/CMakeScratch/TryCompile-Mu5Jxr/build/cmTC_d3a87.build/Debug/Objects-normal/arm64/cmTC_d3a87_dependency_info.dat -lSystem /Applications/Xcode.app/Contents/Developer/Toolchains/XcodeDefault.xctoolchain/usr/lib/clang/14.0.0/lib/darwin/libclang_rt.osx.a -F/Users/iiixv/开发/cJSON/CMakeFiles/CMakeScratch/TryCompile-Mu5Jxr/build/EagerLinkingTBDs -F/Users/iiixv/开发/cJSON/CMakeFiles/CMakeScratch/TryCompile-Mu5Jxr/Debug
@(#)PROGRAM:ld  PROJECT:ld64-820.1
BUILD 20:07:05 Nov  7 2022
configured to support archs: armv6 armv7 armv7s arm64 arm64e arm64_32 i386 x86_64 x86_64h armv6m armv7k armv7m armv7em
Library search paths:
	/Users/iiixv/开发/cJSON/CMakeFiles/CMakeScratch/TryCompile-Mu5Jxr/build/EagerLinkingTBDs
	/Users/iiixv/开发/cJSON/CMakeFiles/CMakeScratch/TryCompile-Mu5Jxr/Debug
	/Applications/Xcode.app/Contents/Developer/Platforms/MacOSX.platform/Developer/SDKs/MacOSX13.1.sdk/usr/lib
Framework search paths:
	/Users/iiixv/开发/cJSON/CMakeFiles/CMakeScratch/TryCompile-Mu5Jxr/build/EagerLinkingTBDs
	/Users/iiixv/开发/cJSON/CMakeFiles/CMakeScratch/TryCompile-Mu5Jxr/Debug
	/Applications/Xcode.app/Contents/Developer/Platforms/MacOSX.platform/Developer/SDKs/MacOSX13.1.sdk/System/Library/Frameworks/

RegisterExecutionPolicyException /Users/iiixv/开发/cJSON/CMakeFiles/CMakeScratch/TryCompile-Mu5Jxr/Debug/cmTC_d3a87 (in target 'cmTC_d3a87' from project 'CMAKE_TRY_COMPILE')
    cd /Users/iiixv/开发/cJSON/CMakeFiles/CMakeScratch/TryCompile-Mu5Jxr
    builtin-RegisterExecutionPolicyException /Users/iiixv/开发/cJSON/CMakeFiles/CMakeScratch/TryCompile-Mu5Jxr/Debug/cmTC_d3a87

** BUILD SUCCEEDED **




Parsed C implicit include dir info from above output: rv=done
  found start of include info
  found start of implicit include info
    add: [/Applications/Xcode.app/Contents/Developer/Toolchains/XcodeDefault.xctoolchain/usr/lib/clang/14.0.0/include]
    add: [/Applications/Xcode.app/Contents/Developer/Platforms/MacOSX.platform/Developer/SDKs/MacOSX13.1.sdk/usr/include]
    add: [/Applications/Xcode.app/Contents/Developer/Toolchains/XcodeDefault.xctoolchain/usr/include]
  end of search list found
  collapse include dir [/Applications/Xcode.app/Contents/Developer/Toolchains/XcodeDefault.xctoolchain/usr/lib/clang/14.0.0/include] ==> [/Applications/Xcode.app/Contents/Developer/Toolchains/XcodeDefault.xctoolchain/usr/lib/clang/14.0.0/include]
  collapse include dir [/Applications/Xcode.app/Contents/Developer/Platforms/MacOSX.platform/Developer/SDKs/MacOSX13.1.sdk/usr/include] ==> [/Applications/Xcode.app/Contents/Developer/Platforms/MacOSX.platform/Developer/SDKs/MacOSX13.1.sdk/usr/include]
  collapse include dir [/Applications/Xcode.app/Contents/Developer/Toolchains/XcodeDefault.xctoolchain/usr/include] ==> [/Applications/Xcode.app/Contents/Developer/Toolchains/XcodeDefault.xctoolchain/usr/include]
  implicit include dirs: [/Applications/Xcode.app/Contents/Developer/Toolchains/XcodeDefault.xctoolchain/usr/lib/clang/14.0.0/include;/Applications/Xcode.app/Contents/Developer/Platforms/MacOSX.platform/Developer/SDKs/MacOSX13.1.sdk/usr/include;/Applications/Xcode.app/Contents/Developer/Toolchains/XcodeDefault.xctoolchain/usr/include]


Parsed C implicit link information from above output:
  link line regex: [^( *|.*[/\])(ld|CMAKE_LINK_STARTFILE-NOTFOUND|([^/\]+-)?ld|collect2)[^/\]*( |$)]
  ignore line: [Change Dir: /Users/iiixv/开发/cJSON/CMakeFiles/CMakeScratch/TryCompile-Mu5Jxr]
  ignore line: []
  ignore line: [Run Build Command(s):/usr/bin/xcodebuild -project CMAKE_TRY_COMPILE.xcodeproj build -target cmTC_d3a87 -parallelizeTargets -configuration Debug -hideShellScriptEnvironment && Command line invocation:]
  ignore line: [    /Applications/Xcode.app/Contents/Developer/usr/bin/xcodebuild -project CMAKE_TRY_COMPILE.xcodeproj build -target cmTC_d3a87 -parallelizeTargets -configuration Debug -hideShellScriptEnvironment]
  ignore line: []
  ignore line: [User defaults from command line:]
  ignore line: [    HideShellScriptEnvironment = YES]
  ignore line: [    IDEPackageSupportUseBuiltinSCM = YES]
  ignore line: []
  ignore line: [Computing target dependency graph and provisioning inputs]
  ignore line: []
  ignore line: [Create build description]
  ignore line: [Build description signature: 2f13d4f905b70ac4e466e9eec9d87bf1]
  ignore line: [Build description path: /Users/iiixv/开发/cJSON/CMakeFiles/CMakeScratch/TryCompile-Mu5Jxr/build/XCBuildData/2f13d4f905b70ac4e466e9eec9d87bf1-desc.xcbuild]
  ignore line: []
  ignore line: [note: Building targets in dependency order]
  ignore line: [CreateBuildDirectory /Users/iiixv/开发/cJSON/CMakeFiles/CMakeScratch/TryCompile-Mu5Jxr/build]
  ignore line: [    cd /Users/iiixv/开发/cJSON/CMakeFiles/CMakeScratch/TryCompile-Mu5Jxr/CMAKE_TRY_COMPILE.xcodeproj]
  ignore line: [    builtin-create-build-directory /Users/iiixv/开发/cJSON/CMakeFiles/CMakeScratch/TryCompile-Mu5Jxr/build]
  ignore line: []
  ignore line: [CreateBuildDirectory /Users/iiixv/开发/cJSON/CMakeFiles/CMakeScratch/TryCompile-Mu5Jxr/Debug]
  ignore line: [    cd /Users/iiixv/开发/cJSON/CMakeFiles/CMakeScratch/TryCompile-Mu5Jxr/CMAKE_TRY_COMPILE.xcodeproj]
  ignore line: [    builtin-create-build-directory /Users/iiixv/开发/cJSON/CMakeFiles/CMakeScratch/TryCompile-Mu5Jxr/Debug]
  ignore line: []
  ignore line: [CreateBuildDirectory /Users/iiixv/开发/cJSON/CMakeFiles/CMakeScratch/TryCompile-Mu5Jxr/build/EagerLinkingTBDs]
  ignore line: [    cd /Users/iiixv/开发/cJSON/CMakeFiles/CMakeScratch/TryCompile-Mu5Jxr/CMAKE_TRY_COMPILE.xcodeproj]
  ignore line: [    builtin-create-build-directory /Users/iiixv/开发/cJSON/CMakeFiles/CMakeScratch/TryCompile-Mu5Jxr/build/EagerLinkingTBDs]
  ignore line: []
  ignore line: [WriteAuxiliaryFile /Users/iiixv/开发/cJSON/CMakeFiles/CMakeScratch/TryCompile-Mu5Jxr/build/cmTC_d3a87.build/Debug/Objects-normal/arm64/cmTC_d3a87.LinkFileList (in target 'cmTC_d3a87' from project 'CMAKE_TRY_COMPILE')]
  ignore line: [    cd /Users/iiixv/开发/cJSON/CMakeFiles/CMakeScratch/TryCompile-Mu5Jxr]
  ignore line: [    write-file /Users/iiixv/开发/cJSON/CMakeFiles/CMakeScratch/TryCompile-Mu5Jxr/build/cmTC_d3a87.build/Debug/Objects-normal/arm64/cmTC_d3a87.LinkFileList]
  ignore line: []
  ignore line: [CompileC /Users/iiixv/开发/cJSON/CMakeFiles/CMakeScratch/TryCompile-Mu5Jxr/build/cmTC_d3a87.build/Debug/Objects-normal/arm64/CMakeCCompilerABI.o /opt/homebrew/Cellar/cmake/3.25.2/share/cmake/Modules/CMakeCCompilerABI.c normal arm64 c com.apple.compilers.llvm.clang.1_0.compiler (in target 'cmTC_d3a87' from project 'CMAKE_TRY_COMPILE')]
  ignore line: [    cd /Users/iiixv/开发/cJSON/CMakeFiles/CMakeScratch/TryCompile-Mu5Jxr]
  ignore line: [    /Applications/Xcode.app/Contents/Developer/Toolchains/XcodeDefault.xctoolchain/usr/bin/clang -x c -target arm64-apple-macos13.1 -fmessage-length\=0 -fdiagnostics-show-note-include-stack -fmacro-backtrace-limit\=0 -Wno-trigraphs -fpascal-strings -O0 -Wno-missing-field-initializers -Wno-missing-prototypes -Wno-return-type -Wno-missing-braces -Wparentheses -Wswitch -Wno-unused-function -Wno-unused-label -Wno-unused-parameter -Wno-unused-variable -Wunused-value -Wno-empty-body -Wno-uninitialized -Wno-unknown-pragmas -Wno-shadow -Wno-four-char-constants -Wno-conversion -Wno-constant-conversion -Wno-int-conversion -Wno-bool-conversion -Wno-enum-conversion -Wno-float-conversion -Wno-non-literal-null-conversion -Wno-objc-literal-conversion -Wshorten-64-to-32 -Wpointer-sign -Wno-newline-eof -Wno-implicit-fallthrough -DCMAKE_INTDIR\=\"Debug\" -isysroot /Applications/Xcode.app/Contents/Developer/Platforms/MacOSX.platform/Developer/SDKs/MacOSX13.1.sdk -fstrict-aliasing -Wdeprecated-declarations -g -Wno-sign-conversion -Wno-infinite-recursion -Wno-comma -Wno-block-capture-autoreleasing -Wno-strict-prototypes -Wno-semicolon-before-method-body -I/Users/iiixv/开发/cJSON/CMakeFiles/CMakeScratch/TryCompile-Mu5Jxr/Debug/include -I/Users/iiixv/开发/cJSON/CMakeFiles/CMakeScratch/TryCompile-Mu5Jxr/build/cmTC_d3a87.build/Debug/DerivedSources-normal/arm64 -I/Users/iiixv/开发/cJSON/CMakeFiles/CMakeScratch/TryCompile-Mu5Jxr/build/cmTC_d3a87.build/Debug/DerivedSources/arm64 -I/Users/iiixv/开发/cJSON/CMakeFiles/CMakeScratch/TryCompile-Mu5Jxr/build/cmTC_d3a87.build/Debug/DerivedSources -F/Users/iiixv/开发/cJSON/CMakeFiles/CMakeScratch/TryCompile-Mu5Jxr/Debug -v -Wl -v -MMD -MT dependencies -MF /Users/iiixv/开发/cJSON/CMakeFiles/CMakeScratch/TryCompile-Mu5Jxr/build/cmTC_d3a87.build/Debug/Objects-normal/arm64/CMakeCCompilerABI.d --serialize-diagnostics /Users/iiixv/开发/cJSON/CMakeFiles/CMakeScratch/TryCompile-Mu5Jxr/build/cmTC_d3a87.build/Debug/Objects-normal/arm64/CMakeCCompilerABI.dia -c /opt/homebrew/Cellar/cmake/3.25.2/share/cmake/Modules/CMakeCCompilerABI.c -o /Users/iiixv/开发/cJSON/CMakeFiles/CMakeScratch/TryCompile-Mu5Jxr/build/cmTC_d3a87.build/Debug/Objects-normal/arm64/CMakeCCompilerABI.o]
  ignore line: [Apple clang version 14.0.0 (clang-1400.0.29.202)]
  ignore line: [Target: arm64-apple-macos13.1]
  ignore line: [Thread model: posix]
  ignore line: [InstalledDir: /Applications/Xcode.app/Contents/Developer/Toolchains/XcodeDefault.xctoolchain/usr/bin]
  ignore line: [clang: warning: -Wl -v: 'linker' input unused [-Wunused-command-line-argument]]
  ignore line: [ "/Applications/Xcode.app/Contents/Developer/Toolchains/XcodeDefault.xctoolchain/usr/bin/clang" -cc1 -triple arm64-apple-macosx13.1.0 -Wundef-prefix=TARGET_OS_ -Wdeprecated-objc-isa-usage -Werror=deprecated-objc-isa-usage -Werror=implicit-function-declaration -emit-obj -mrelax-all --mrelax-relocations -disable-free -clear-ast-before-backend -disable-llvm-verifier -discard-value-names -main-file-name CMakeCCompilerABI.c -mrelocation-model pic -pic-level 2 -mframe-pointer=non-leaf -fno-strict-return -fno-rounding-math -funwind-tables=2 -fobjc-msgsend-selector-stubs -target-sdk-version=13.1 -fvisibility-inlines-hidden-static-local-var -target-cpu apple-m1 -target-feature +v8.5a -target-feature +fp-armv8 -target-feature +neon -target-feature +crc -target-feature +crypto -target-feature +dotprod -target-feature +fp16fml -target-feature +ras -target-feature +lse -target-feature +rdm -target-feature +rcpc -target-feature +zcm -target-feature +zcz -target-feature +fullfp16 -target-feature +sm4 -target-feature +sha3 -target-feature +sha2 -target-feature +aes -target-abi darwinpcs -fallow-half-arguments-and-returns -debug-info-kind=standalone -dwarf-version=4 -debugger-tuning=lldb -target-linker-version 820.1 -v -resource-dir /Applications/Xcode.app/Contents/Developer/Toolchains/XcodeDefault.xctoolchain/usr/lib/clang/14.0.0 -dependency-file /Users/iiixv/开发/cJSON/CMakeFiles/CMakeScratch/TryCompile-Mu5Jxr/build/cmTC_d3a87.build/Debug/Objects-normal/arm64/CMakeCCompilerABI.d -skip-unused-modulemap-deps -MT dependencies -isysroot /Applications/Xcode.app/Contents/Developer/Platforms/MacOSX.platform/Developer/SDKs/MacOSX13.1.sdk -D "CMAKE_INTDIR=\"Debug\"" -I /Users/iiixv/开发/cJSON/CMakeFiles/CMakeScratch/TryCompile-Mu5Jxr/Debug/include -I /Users/iiixv/开发/cJSON/CMakeFiles/CMakeScratch/TryCompile-Mu5Jxr/build/cmTC_d3a87.build/Debug/DerivedSources-normal/arm64 -I /Users/iiixv/开发/cJSON/CMakeFiles/CMakeScratch/TryCompile-Mu5Jxr/build/cmTC_d3a87.build/Debug/DerivedSources/arm64 -I /Users/iiixv/开发/cJSON/CMakeFiles/CMakeScratch/TryCompile-Mu5Jxr/build/cmTC_d3a87.build/Debug/DerivedSources -F/Users/iiixv/开发/cJSON/CMakeFiles/CMakeScratch/TryCompile-Mu5Jxr/Debug -internal-isystem /Applications/Xcode.app/Contents/Developer/Platforms/MacOSX.platform/Developer/SDKs/MacOSX13.1.sdk/usr/local/include -internal-isystem /Applications/Xcode.app/Contents/Developer/Toolchains/XcodeDefault.xctoolchain/usr/lib/clang/14.0.0/include -internal-externc-isystem /Applications/Xcode.app/Contents/Developer/Platforms/MacOSX.platform/Developer/SDKs/MacOSX13.1.sdk/usr/include -internal-externc-isystem /Applications/Xcode.app/Contents/Developer/Toolchains/XcodeDefault.xctoolchain/usr/include -O0 -Wno-trigraphs -Wno-missing-field-initializers -Wno-missing-prototypes -Wno-return-type -Wno-missing-braces -Wparentheses -Wswitch -Wno-unused-function -Wno-unused-label -Wno-unused-parameter -Wno-unused-variable -Wunused-value -Wno-empty-body -Wno-uninitialized -Wno-unknown-pragmas -Wno-shadow -Wno-four-char-constants -Wno-conversion -Wno-constant-conversion -Wno-int-conversion -Wno-bool-conversion -Wno-enum-conversion -Wno-float-conversion -Wno-non-literal-null-conversion -Wno-objc-literal-conversion -Wshorten-64-to-32 -Wpointer-sign -Wno-newline-eof -Wno-implicit-fallthrough -Wdeprecated-declarations -Wno-sign-conversion -Wno-infinite-recursion -Wno-comma -Wno-block-capture-autoreleasing -Wno-strict-prototypes -Wno-semicolon-before-method-body -Wno-reorder-init-list -Wno-implicit-int-float-conversion -Wno-c99-designator -Wno-final-dtor-non-final-class -Wno-extra-semi-stmt -Wno-misleading-indentation -Wno-quoted-include-in-framework-header -Wno-implicit-fallthrough -Wno-enum-enum-conversion -Wno-enum-float-conversion -Wno-elaborated-enum-base -Wno-reserved-identifier -Wno-gnu-folding-constant -Wno-cast-function-type -Wno-bitwise-instead-of-logical -fdebug-compilation-dir=/Users/iiixv/开发/cJSON/CMakeFiles/CMakeScratch/TryCompile-Mu5Jxr -ferror-limit 19 -fmacro-backtrace-limit 0 -stack-protector 1 -fstack-check -mdarwin-stkchk-strong-link -fblocks -fencode-extended-block-signature -fregister-global-dtors-with-atexit -fgnuc-version=4.2.1 -fpascal-strings -fmax-type-align=16 -fcommon -fdiagnostics-show-note-include-stack -serialize-diagnostic-file /Users/iiixv/开发/cJSON/CMakeFiles/CMakeScratch/TryCompile-Mu5Jxr/build/cmTC_d3a87.build/Debug/Objects-normal/arm64/CMakeCCompilerABI.dia -clang-vendor-feature=+messageToSelfInClassMethodIdReturnType -clang-vendor-feature=+disableInferNewAvailabilityFromInit -clang-vendor-feature=+disableNonDependentMemberExprInCurrentInstantiation -fno-odr-hash-protocols -clang-vendor-feature=+enableAggressiveVLAFolding -clang-vendor-feature=+revert09abecef7bbf -clang-vendor-feature=+thisNoAlignAttr -clang-vendor-feature=+thisNoNullAttr -mllvm -disable-aligned-alloc-awareness=1 -D__GCC_HAVE_DWARF2_CFI_ASM=1 -o /Users/iiixv/开发/cJSON/CMakeFiles/CMakeScratch/TryCompile-Mu5Jxr/build/cmTC_d3a87.build/Debug/Objects-normal/arm64/CMakeCCompilerABI.o -x c /opt/homebrew/Cellar/cmake/3.25.2/share/cmake/Modules/CMakeCCompilerABI.c]
  ignore line: [clang -cc1 version 14.0.0 (clang-1400.0.29.202) default target arm64-apple-darwin22.2.0]
  ignore line: [ignoring nonexistent directory "/Users/iiixv/开发/cJSON/CMakeFiles/CMakeScratch/TryCompile-Mu5Jxr/Debug/include"]
  ignore line: [ignoring nonexistent directory "/Users/iiixv/开发/cJSON/CMakeFiles/CMakeScratch/TryCompile-Mu5Jxr/build/cmTC_d3a87.build/Debug/DerivedSources-normal/arm64"]
  ignore line: [ignoring nonexistent directory "/Users/iiixv/开发/cJSON/CMakeFiles/CMakeScratch/TryCompile-Mu5Jxr/build/cmTC_d3a87.build/Debug/DerivedSources/arm64"]
  ignore line: [ignoring nonexistent directory "/Users/iiixv/开发/cJSON/CMakeFiles/CMakeScratch/TryCompile-Mu5Jxr/build/cmTC_d3a87.build/Debug/DerivedSources"]
  ignore line: [ignoring nonexistent directory "/Applications/Xcode.app/Contents/Developer/Platforms/MacOSX.platform/Developer/SDKs/MacOSX13.1.sdk/usr/local/include"]
  ignore line: [ignoring nonexistent directory "/Applications/Xcode.app/Contents/Developer/Platforms/MacOSX.platform/Developer/SDKs/MacOSX13.1.sdk/Library/Frameworks"]
  ignore line: [#include "..." search starts here:]
  ignore line: [#include <...> search starts here:]
  ignore line: [ /Users/iiixv/开发/cJSON/CMakeFiles/CMakeScratch/TryCompile-Mu5Jxr/Debug (framework directory)]
  ignore line: [ /Applications/Xcode.app/Contents/Developer/Toolchains/XcodeDefault.xctoolchain/usr/lib/clang/14.0.0/include]
  ignore line: [ /Applications/Xcode.app/Contents/Developer/Platforms/MacOSX.platform/Developer/SDKs/MacOSX13.1.sdk/usr/include]
  ignore line: [ /Applications/Xcode.app/Contents/Developer/Toolchains/XcodeDefault.xctoolchain/usr/include]
  ignore line: [ /Applications/Xcode.app/Contents/Developer/Platforms/MacOSX.platform/Developer/SDKs/MacOSX13.1.sdk/System/Library/Frameworks (framework directory)]
  ignore line: [End of search list.]
  ignore line: []
  ignore line: [Ld /Users/iiixv/开发/cJSON/CMakeFiles/CMakeScratch/TryCompile-Mu5Jxr/Debug/cmTC_d3a87 normal (in target 'cmTC_d3a87' from project 'CMAKE_TRY_COMPILE')]
  ignore line: [    cd /Users/iiixv/开发/cJSON/CMakeFiles/CMakeScratch/TryCompile-Mu5Jxr]
  ignore line: [    /Applications/Xcode.app/Contents/Developer/Toolchains/XcodeDefault.xctoolchain/usr/bin/clang -target arm64-apple-macos13.1 -isysroot /Applications/Xcode.app/Contents/Developer/Platforms/MacOSX.platform/Developer/SDKs/MacOSX13.1.sdk -L/Users/iiixv/开发/cJSON/CMakeFiles/CMakeScratch/TryCompile-Mu5Jxr/build/EagerLinkingTBDs -L/Users/iiixv/开发/cJSON/CMakeFiles/CMakeScratch/TryCompile-Mu5Jxr/Debug -F/Users/iiixv/开发/cJSON/CMakeFiles/CMakeScratch/TryCompile-Mu5Jxr/build/EagerLinkingTBDs -F/Users/iiixv/开发/cJSON/CMakeFiles/CMakeScratch/TryCompile-Mu5Jxr/Debug -filelist /Users/iiixv/开发/cJSON/CMakeFiles/CMakeScratch/TryCompile-Mu5Jxr/build/cmTC_d3a87.build/Debug/Objects-normal/arm64/cmTC_d3a87.LinkFileList -Xlinker -object_path_lto -Xlinker /Users/iiixv/开发/cJSON/CMakeFiles/CMakeScratch/TryCompile-Mu5Jxr/build/cmTC_d3a87.build/Debug/Objects-normal/arm64/cmTC_d3a87_lto.o -Xlinker -no_deduplicate -v -Wl -v -Wl -search_paths_first -Wl -headerpad_max_install_names -Xlinker -dependency_info -Xlinker /Users/iiixv/开发/cJSON/CMakeFiles/CMakeScratch/TryCompile-Mu5Jxr/build/cmTC_d3a87.build/Debug/Objects-normal/arm64/cmTC_d3a87_dependency_info.dat -o /Users/iiixv/开发/cJSON/CMakeFiles/CMakeScratch/TryCompile-Mu5Jxr/Debug/cmTC_d3a87]
  ignore line: [Apple clang version 14.0.0 (clang-1400.0.29.202)]
  ignore line: [Target: arm64-apple-macos13.1]
  ignore line: [Thread model: posix]
  ignore line: [InstalledDir: /Applications/Xcode.app/Contents/Developer/Toolchains/XcodeDefault.xctoolchain/usr/bin]
  reduced line: [ "/Applications/Xcode.app/Contents/Developer/Toolchains/XcodeDefault.xctoolchain/usr/bin/ld" -demangle -lto_library /Applications/Xcode.app/Contents/Developer/Toolchains/XcodeDefault.xctoolchain/usr/lib/libLTO.dylib -dynamic -arch arm64 -platform_version macos 13.1.0 13.1 -syslibroot /Applications/Xcode.app/Contents/Developer/Platforms/MacOSX.platform/Developer/SDKs/MacOSX13.1.sdk -o /Users/iiixv/开发/cJSON/CMakeFiles/CMakeScratch/TryCompile-Mu5Jxr/Debug/cmTC_d3a87 -L/Users/iiixv/开发/cJSON/CMakeFiles/CMakeScratch/TryCompile-Mu5Jxr/build/EagerLinkingTBDs -L/Users/iiixv/开发/cJSON/CMakeFiles/CMakeScratch/TryCompile-Mu5Jxr/Debug -filelist /Users/iiixv/开发/cJSON/CMakeFiles/CMakeScratch/TryCompile-Mu5Jxr/build/cmTC_d3a87.build/Debug/Objects-normal/arm64/cmTC_d3a87.LinkFileList -object_path_lto /Users/iiixv/开发/cJSON/CMakeFiles/CMakeScratch/TryCompile-Mu5Jxr/build/cmTC_d3a87.build/Debug/Objects-normal/arm64/cmTC_d3a87_lto.o -no_deduplicate -v -search_paths_first -headerpad_max_install_names -dependency_info /Users/iiixv/开发/cJSON/CMakeFiles/CMakeScratch/TryCompile-Mu5Jxr/build/cmTC_d3a87.build/Debug/Objects-normal/arm64/cmTC_d3a87_dependency_info.dat -lSystem /Applications/Xcode.app/Contents/Developer/Toolchains/XcodeDefault.xctoolchain/usr/lib/clang/14.0.0/lib/darwin/libclang_rt.osx.a -F/Users/iiixv/开发/cJSON/CMakeFiles/CMakeScratch/TryCompile-Mu5Jxr/build/EagerLinkingTBDs -F/Users/iiixv/开发/cJSON/CMakeFiles/CMakeScratch/TryCompile-Mu5Jxr/Debug]
            to: [ "/Applications/Xcode.app/Contents/Developer/Toolchains/XcodeDefault.xctoolchain/usr/bin/ld" -demangle -lto_library /Applications/Xcode.app/Contents/Developer/Toolchains/XcodeDefault.xctoolchain/usr/lib/libLTO.dylib -dynamic -arch arm64 -platform_version macos 13.1.0 13.1 -syslibroot /Applications/Xcode.app/Contents/Developer/Platforms/MacOSX.platform/Developer/SDKs/MacOSX13.1.sdk -o /Users/iiixv/开发/cJSON/CMakeFiles/CMakeScratch/TryCompile-Mu5Jxr/Debug/cmTC_d3a87 -L/Users/iiixv/开发/cJSON/CMakeFiles/CMakeScratch/TryCompile-Mu5Jxr/Debug -filelist /Users/iiixv/开发/cJSON/CMakeFiles/CMakeScratch/TryCompile-Mu5Jxr/build/cmTC_d3a87.build/Debug/Objects-normal/arm64/cmTC_d3a87.LinkFileList -object_path_lto /Users/iiixv/开发/cJSON/CMakeFiles/CMakeScratch/TryCompile-Mu5Jxr/build/cmTC_d3a87.build/Debug/Objects-normal/arm64/cmTC_d3a87_lto.o -no_deduplicate -v -search_paths_first -headerpad_max_install_names -dependency_info /Users/iiixv/开发/cJSON/CMakeFiles/CMakeScratch/TryCompile-Mu5Jxr/build/cmTC_d3a87.build/Debug/Objects-normal/arm64/cmTC_d3a87_dependency_info.dat -lSystem /Applications/Xcode.app/Contents/Developer/Toolchains/XcodeDefault.xctoolchain/usr/lib/clang/14.0.0/lib/darwin/libclang_rt.osx.a -F/Users/iiixv/开发/cJSON/CMakeFiles/CMakeScratch/TryCompile-Mu5Jxr/Debug]
  link line: [ "/Applications/Xcode.app/Contents/Developer/Toolchains/XcodeDefault.xctoolchain/usr/bin/ld" -demangle -lto_library /Applications/Xcode.app/Contents/Developer/Toolchains/XcodeDefault.xctoolchain/usr/lib/libLTO.dylib -dynamic -arch arm64 -platform_version macos 13.1.0 13.1 -syslibroot /Applications/Xcode.app/Contents/Developer/Platforms/MacOSX.platform/Developer/SDKs/MacOSX13.1.sdk -o /Users/iiixv/开发/cJSON/CMakeFiles/CMakeScratch/TryCompile-Mu5Jxr/Debug/cmTC_d3a87 -L/Users/iiixv/开发/cJSON/CMakeFiles/CMakeScratch/TryCompile-Mu5Jxr/Debug -filelist /Users/iiixv/开发/cJSON/CMakeFiles/CMakeScratch/TryCompile-Mu5Jxr/build/cmTC_d3a87.build/Debug/Objects-normal/arm64/cmTC_d3a87.LinkFileList -object_path_lto /Users/iiixv/开发/cJSON/CMakeFiles/CMakeScratch/TryCompile-Mu5Jxr/build/cmTC_d3a87.build/Debug/Objects-normal/arm64/cmTC_d3a87_lto.o -no_deduplicate -v -search_paths_first -headerpad_max_install_names -dependency_info /Users/iiixv/开发/cJSON/CMakeFiles/CMakeScratch/TryCompile-Mu5Jxr/build/cmTC_d3a87.build/Debug/Objects-normal/arm64/cmTC_d3a87_dependency_info.dat -lSystem /Applications/Xcode.app/Contents/Developer/Toolchains/XcodeDefault.xctoolchain/usr/lib/clang/14.0.0/lib/darwin/libclang_rt.osx.a -F/Users/iiixv/开发/cJSON/CMakeFiles/CMakeScratch/TryCompile-Mu5Jxr/Debug]
    arg [/Applications/Xcode.app/Contents/Developer/Toolchains/XcodeDefault.xctoolchain/usr/bin/ld] ==> ignore
    arg [-demangle] ==> ignore
    arg [-lto_library] ==> ignore, skip following value
    arg [/Applications/Xcode.app/Contents/Developer/Toolchains/XcodeDefault.xctoolchain/usr/lib/libLTO.dylib] ==> skip value of -lto_library
    arg [-dynamic] ==> ignore
    arg [-arch] ==> ignore
    arg [arm64] ==> ignore
    arg [-platform_version] ==> ignore
    arg [macos] ==> ignore
    arg [13.1.0] ==> ignore
    arg [13.1] ==> ignore
    arg [-syslibroot] ==> ignore
    arg [/Applications/Xcode.app/Contents/Developer/Platforms/MacOSX.platform/Developer/SDKs/MacOSX13.1.sdk] ==> ignore
    arg [-o] ==> ignore
    arg [/Users/iiixv/开发/cJSON/CMakeFiles/CMakeScratch/TryCompile-Mu5Jxr/Debug/cmTC_d3a87] ==> ignore
    arg [-L/Users/iiixv/开发/cJSON/CMakeFiles/CMakeScratch/TryCompile-Mu5Jxr/Debug] ==> dir [/Users/iiixv/开发/cJSON/CMakeFiles/CMakeScratch/TryCompile-Mu5Jxr/Debug]
    arg [-filelist] ==> ignore
    arg [/Users/iiixv/开发/cJSON/CMakeFiles/CMakeScratch/TryCompile-Mu5Jxr/build/cmTC_d3a87.build/Debug/Objects-normal/arm64/cmTC_d3a87.LinkFileList] ==> ignore
    arg [-object_path_lto] ==> ignore
    arg [/Users/iiixv/开发/cJSON/CMakeFiles/CMakeScratch/TryCompile-Mu5Jxr/build/cmTC_d3a87.build/Debug/Objects-normal/arm64/cmTC_d3a87_lto.o] ==> obj [/Users/iiixv/开发/cJSON/CMakeFiles/CMakeScratch/TryCompile-Mu5Jxr/build/cmTC_d3a87.build/Debug/Objects-normal/arm64/cmTC_d3a87_lto.o]
    arg [-no_deduplicate] ==> ignore
    arg [-v] ==> ignore
    arg [-search_paths_first] ==> ignore
    arg [-headerpad_max_install_names] ==> ignore
    arg [-dependency_info] ==> ignore
    arg [/Users/iiixv/开发/cJSON/CMakeFiles/CMakeScratch/TryCompile-Mu5Jxr/build/cmTC_d3a87.build/Debug/Objects-normal/arm64/cmTC_d3a87_dependency_info.dat] ==> ignore
    arg [-lSystem] ==> lib [System]
    arg [/Applications/Xcode.app/Contents/Developer/Toolchains/XcodeDefault.xctoolchain/usr/lib/clang/14.0.0/lib/darwin/libclang_rt.osx.a] ==> lib [/Applications/Xcode.app/Contents/Developer/Toolchains/XcodeDefault.xctoolchain/usr/lib/clang/14.0.0/lib/darwin/libclang_rt.osx.a]
    arg [-F/Users/iiixv/开发/cJSON/CMakeFiles/CMakeScratch/TryCompile-Mu5Jxr/Debug] ==> ignore
  Library search paths: [;/Users/iiixv/开发/cJSON/CMakeFiles/CMakeScratch/TryCompile-Mu5Jxr/build/EagerLinkingTBDs;/Users/iiixv/开发/cJSON/CMakeFiles/CMakeScratch/TryCompile-Mu5Jxr/Debug;/Applications/Xcode.app/Contents/Developer/Platforms/MacOSX.platform/Developer/SDKs/MacOSX13.1.sdk/usr/lib]
  Framework search paths: [;/Users/iiixv/开发/cJSON/CMakeFiles/CMakeScratch/TryCompile-Mu5Jxr/build/EagerLinkingTBDs;/Users/iiixv/开发/cJSON/CMakeFiles/CMakeScratch/TryCompile-Mu5Jxr/Debug;/Applications/Xcode.app/Contents/Developer/Platforms/MacOSX.platform/Developer/SDKs/MacOSX13.1.sdk/System/Library/Frameworks/]
  remove lib [System]
  remove lib [/Applications/Xcode.app/Contents/Developer/Toolchains/XcodeDefault.xctoolchain/usr/lib/clang/14.0.0/lib/darwin/libclang_rt.osx.a]
  collapse library dir [/Users/iiixv/开发/cJSON/CMakeFiles/CMakeScratch/TryCompile-Mu5Jxr/Debug] ==> [/Users/iiixv/开发/cJSON/CMakeFiles/CMakeScratch/TryCompile-Mu5Jxr/Debug], skipping non-system directory
  collapse library dir [/Users/iiixv/开发/cJSON/CMakeFiles/CMakeScratch/TryCompile-Mu5Jxr/build/EagerLinkingTBDs] ==> [/Users/iiixv/开发/cJSON/CMakeFiles/CMakeScratch/TryCompile-Mu5Jxr/build/EagerLinkingTBDs], skipping non-system directory
  collapse library dir [/Users/iiixv/开发/cJSON/CMakeFiles/CMakeScratch/TryCompile-Mu5Jxr/Debug] ==> [/Users/iiixv/开发/cJSON/CMakeFiles/CMakeScratch/TryCompile-Mu5Jxr/Debug], skipping non-system directory
  collapse library dir [/Applications/Xcode.app/Contents/Developer/Platforms/MacOSX.platform/Developer/SDKs/MacOSX13.1.sdk/usr/lib] ==> [/Applications/Xcode.app/Contents/Developer/Platforms/MacOSX.platform/Developer/SDKs/MacOSX13.1.sdk/usr/lib]
  collapse framework dir [/Users/iiixv/开发/cJSON/CMakeFiles/CMakeScratch/TryCompile-Mu5Jxr/build/EagerLinkingTBDs] ==> [/Users/iiixv/开发/cJSON/CMakeFiles/CMakeScratch/TryCompile-Mu5Jxr/build/EagerLinkingTBDs], skipping non-system directory
  collapse framework dir [/Users/iiixv/开发/cJSON/CMakeFiles/CMakeScratch/TryCompile-Mu5Jxr/Debug] ==> [/Users/iiixv/开发/cJSON/CMakeFiles/CMakeScratch/TryCompile-Mu5Jxr/Debug], skipping non-system directory
  collapse framework dir [/Applications/Xcode.app/Contents/Developer/Platforms/MacOSX.platform/Developer/SDKs/MacOSX13.1.sdk/System/Library/Frameworks/] ==> [/Applications/Xcode.app/Contents/Developer/Platforms/MacOSX.platform/Developer/SDKs/MacOSX13.1.sdk/System/Library/Frameworks]
  implicit libs: []
  implicit objs: [/Users/iiixv/开发/cJSON/CMakeFiles/CMakeScratch/TryCompile-Mu5Jxr/build/cmTC_d3a87.build/Debug/Objects-normal/arm64/cmTC_d3a87_lto.o]
  implicit dirs: [/Applications/Xcode.app/Contents/Developer/Platforms/MacOSX.platform/Developer/SDKs/MacOSX13.1.sdk/usr/lib]
  implicit fwks: [/Applications/Xcode.app/Contents/Developer/Platforms/MacOSX.platform/Developer/SDKs/MacOSX13.1.sdk/System/Library/Frameworks]


Performing C SOURCE FILE Test FLAG_SUPPORTED_fvisibilityhidden succeeded with the following output:
Change Dir: /Users/iiixv/开发/cJSON/CMakeFiles/CMakeScratch/TryCompile-5KVVRp

Run Build Command(s):/usr/bin/xcodebuild -project CMAKE_TRY_COMPILE.xcodeproj build -target cmTC_2232c -parallelizeTargets -configuration Debug -hideShellScriptEnvironment && Command line invocation:
    /Applications/Xcode.app/Contents/Developer/usr/bin/xcodebuild -project CMAKE_TRY_COMPILE.xcodeproj build -target cmTC_2232c -parallelizeTargets -configuration Debug -hideShellScriptEnvironment

User defaults from command line:
    HideShellScriptEnvironment = YES
    IDEPackageSupportUseBuiltinSCM = YES

Computing target dependency graph and provisioning inputs

Create build description
Build description signature: 300e15bed1d5d15b7ca9075d7d3271f2
Build description path: /Users/iiixv/开发/cJSON/CMakeFiles/CMakeScratch/TryCompile-5KVVRp/build/XCBuildData/300e15bed1d5d15b7ca9075d7d3271f2-desc.xcbuild

note: Building targets in dependency order
CreateBuildDirectory /Users/iiixv/开发/cJSON/CMakeFiles/CMakeScratch/TryCompile-5KVVRp/build
    cd /Users/iiixv/开发/cJSON/CMakeFiles/CMakeScratch/TryCompile-5KVVRp/CMAKE_TRY_COMPILE.xcodeproj
    builtin-create-build-directory /Users/iiixv/开发/cJSON/CMakeFiles/CMakeScratch/TryCompile-5KVVRp/build

CreateBuildDirectory /Users/iiixv/开发/cJSON/CMakeFiles/CMakeScratch/TryCompile-5KVVRp/Debug
    cd /Users/iiixv/开发/cJSON/CMakeFiles/CMakeScratch/TryCompile-5KVVRp/CMAKE_TRY_COMPILE.xcodeproj
    builtin-create-build-directory /Users/iiixv/开发/cJSON/CMakeFiles/CMakeScratch/TryCompile-5KVVRp/Debug

CreateBuildDirectory /Users/iiixv/开发/cJSON/CMakeFiles/CMakeScratch/TryCompile-5KVVRp/build/EagerLinkingTBDs
    cd /Users/iiixv/开发/cJSON/CMakeFiles/CMakeScratch/TryCompile-5KVVRp/CMAKE_TRY_COMPILE.xcodeproj
    builtin-create-build-directory /Users/iiixv/开发/cJSON/CMakeFiles/CMakeScratch/TryCompile-5KVVRp/build/EagerLinkingTBDs

WriteAuxiliaryFile /Users/iiixv/开发/cJSON/CMakeFiles/CMakeScratch/TryCompile-5KVVRp/build/cmTC_2232c.build/Debug/Objects-normal/arm64/cmTC_2232c.LinkFileList (in target 'cmTC_2232c' from project 'CMAKE_TRY_COMPILE')
    cd /Users/iiixv/开发/cJSON/CMakeFiles/CMakeScratch/TryCompile-5KVVRp
    write-file /Users/iiixv/开发/cJSON/CMakeFiles/CMakeScratch/TryCompile-5KVVRp/build/cmTC_2232c.build/Debug/Objects-normal/arm64/cmTC_2232c.LinkFileList

CompileC /Users/iiixv/开发/cJSON/CMakeFiles/CMakeScratch/TryCompile-5KVVRp/build/cmTC_2232c.build/Debug/Objects-normal/arm64/src.o /Users/iiixv/开发/cJSON/CMakeFiles/CMakeScratch/TryCompile-5KVVRp/src.c normal arm64 c com.apple.compilers.llvm.clang.1_0.compiler (in target 'cmTC_2232c' from project 'CMAKE_TRY_COMPILE')
    cd /Users/iiixv/开发/cJSON/CMakeFiles/CMakeScratch/TryCompile-5KVVRp
    /Applications/Xcode.app/Contents/Developer/Toolchains/XcodeDefault.xctoolchain/usr/bin/clang -x c -target arm64-apple-macos13.1 -fmessage-length\=0 -fdiagnostics-show-note-include-stack -fmacro-backtrace-limit\=0 -Wno-trigraphs -fpascal-strings -O0 -Wno-missing-field-initializers -Wno-missing-prototypes -Wno-return-type -Wno-missing-braces -Wparentheses -Wswitch -Wno-unused-function -Wno-unused-label -Wno-unused-parameter -Wno-unused-variable -Wunused-value -Wno-empty-body -Wno-uninitialized -Wno-unknown-pragmas -Wno-shadow -Wno-four-char-constants -Wno-conversion -Wno-constant-conversion -Wno-int-conversion -Wno-bool-conversion -Wno-enum-conversion -Wno-float-conversion -Wno-non-literal-null-conversion -Wno-objc-literal-conversion -Wshorten-64-to-32 -Wpointer-sign -Wno-newline-eof -Wno-implicit-fallthrough -DCMAKE_INTDIR\=\"Debug\" -DFLAG_SUPPORTED_fvisibilityhidden -isysroot /Applications/Xcode.app/Contents/Developer/Platforms/MacOSX.platform/Developer/SDKs/MacOSX13.1.sdk -fstrict-aliasing -Wdeprecated-declarations -g -Wno-sign-conversion -Wno-infinite-recursion -Wno-comma -Wno-block-capture-autoreleasing -Wno-strict-prototypes -Wno-semicolon-before-method-body -I/Users/iiixv/开发/cJSON/CMakeFiles/CMakeScratch/TryCompile-5KVVRp/Debug/include -I/Users/iiixv/开发/cJSON/CMakeFiles/CMakeScratch/TryCompile-5KVVRp/build/cmTC_2232c.build/Debug/DerivedSources-normal/arm64 -I/Users/iiixv/开发/cJSON/CMakeFiles/CMakeScratch/TryCompile-5KVVRp/build/cmTC_2232c.build/Debug/DerivedSources/arm64 -I/Users/iiixv/开发/cJSON/CMakeFiles/CMakeScratch/TryCompile-5KVVRp/build/cmTC_2232c.build/Debug/DerivedSources -F/Users/iiixv/开发/cJSON/CMakeFiles/CMakeScratch/TryCompile-5KVVRp/Debug -fvisibility\=hidden -MMD -MT dependencies -MF /Users/iiixv/开发/cJSON/CMakeFiles/CMakeScratch/TryCompile-5KVVRp/build/cmTC_2232c.build/Debug/Objects-normal/arm64/src.d --serialize-diagnostics /Users/iiixv/开发/cJSON/CMakeFiles/CMakeScratch/TryCompile-5KVVRp/build/cmTC_2232c.build/Debug/Objects-normal/arm64/src.dia -c /Users/iiixv/开发/cJSON/CMakeFiles/CMakeScratch/TryCompile-5KVVRp/src.c -o /Users/iiixv/开发/cJSON/CMakeFiles/CMakeScratch/TryCompile-5KVVRp/build/cmTC_2232c.build/Debug/Objects-normal/arm64/src.o

Ld /Users/iiixv/开发/cJSON/CMakeFiles/CMakeScratch/TryCompile-5KVVRp/Debug/cmTC_2232c normal (in target 'cmTC_2232c' from project 'CMAKE_TRY_COMPILE')
    cd /Users/iiixv/开发/cJSON/CMakeFiles/CMakeScratch/TryCompile-5KVVRp
    /Applications/Xcode.app/Contents/Developer/Toolchains/XcodeDefault.xctoolchain/usr/bin/clang -target arm64-apple-macos13.1 -isysroot /Applications/Xcode.app/Contents/Developer/Platforms/MacOSX.platform/Developer/SDKs/MacOSX13.1.sdk -L/Users/iiixv/开发/cJSON/CMakeFiles/CMakeScratch/TryCompile-5KVVRp/build/EagerLinkingTBDs -L/Users/iiixv/开发/cJSON/CMakeFiles/CMakeScratch/TryCompile-5KVVRp/Debug -F/Users/iiixv/开发/cJSON/CMakeFiles/CMakeScratch/TryCompile-5KVVRp/build/EagerLinkingTBDs -F/Users/iiixv/开发/cJSON/CMakeFiles/CMakeScratch/TryCompile-5KVVRp/Debug -filelist /Users/iiixv/开发/cJSON/CMakeFiles/CMakeScratch/TryCompile-5KVVRp/build/cmTC_2232c.build/Debug/Objects-normal/arm64/cmTC_2232c.LinkFileList -Xlinker -object_path_lto -Xlinker /Users/iiixv/开发/cJSON/CMakeFiles/CMakeScratch/TryCompile-5KVVRp/build/cmTC_2232c.build/Debug/Objects-normal/arm64/cmTC_2232c_lto.o -Xlinker -no_deduplicate -Wl,-search_paths_first -Wl,-headerpad_max_install_names -Xlinker -dependency_info -Xlinker /Users/iiixv/开发/cJSON/CMakeFiles/CMakeScratch/TryCompile-5KVVRp/build/cmTC_2232c.build/Debug/Objects-normal/arm64/cmTC_2232c_dependency_info.dat -o /Users/iiixv/开发/cJSON/CMakeFiles/CMakeScratch/TryCompile-5KVVRp/Debug/cmTC_2232c

RegisterExecutionPolicyException /Users/iiixv/开发/cJSON/CMakeFiles/CMakeScratch/TryCompile-5KVVRp/Debug/cmTC_2232c (in target 'cmTC_2232c' from project 'CMAKE_TRY_COMPILE')
    cd /Users/iiixv/开发/cJSON/CMakeFiles/CMakeScratch/TryCompile-5KVVRp
    builtin-RegisterExecutionPolicyException /Users/iiixv/开发/cJSON/CMakeFiles/CMakeScratch/TryCompile-5KVVRp/Debug/cmTC_2232c

** BUILD SUCCEEDED **



Source file was:
int main(void) { return 0; }

